2024-09-15T09:06:44.998Z [INFO]: All active tasks initialized successfully.
2024-09-15T09:06:50.038Z [INFO]: All active tasks initialized successfully.
2024-09-15T09:11:38.989Z [INFO]: All active tasks initialized successfully.
2024-09-15T09:12:42.048Z [INFO]: All active tasks initialized successfully.
2024-09-15T09:17:10.743Z [INFO]: All active tasks initialized successfully.
2024-09-15T09:18:08.718Z [INFO]: All active tasks initialized successfully.
2024-09-15T09:19:06.078Z [INFO]: All active tasks initialized successfully.
2024-09-15T09:19:09.337Z [INFO]: All active tasks initialized successfully.
2024-09-15T09:22:46.077Z [INFO]: All active tasks initialized successfully.
2024-09-15T09:28:33.987Z [INFO]: All active tasks initialized successfully.
2024-09-15T09:31:04.222Z [INFO]: All active tasks initialized successfully.
2024-09-15T09:31:18.587Z [INFO]: All active tasks initialized successfully.
2024-09-15T09:32:04.098Z [INFO]: Task Updated Reminder Email executed successfully at 9/15/2024, 3:02:04 PM
2024-09-15T09:33:04.034Z [INFO]: Task Updated Reminder Email executed successfully at 9/15/2024, 3:03:04 PM
2024-09-15T09:34:04.174Z [INFO]: Task Updated Reminder Email executed successfully at 9/15/2024, 3:04:04 PM
2024-09-15T09:35:04.152Z [INFO]: Task Updated Reminder Email executed successfully at 9/15/2024, 3:05:04 PM
2024-09-15T09:36:04.308Z [INFO]: Task Updated Reminder Email executed successfully at 9/15/2024, 3:06:04 PM
2024-09-15T09:37:04.476Z [INFO]: Task Updated Reminder Email executed successfully at 9/15/2024, 3:07:04 PM
2024-09-15T09:38:02.539Z [INFO]: Task Updated Reminder Email executed successfully at 9/15/2024, 3:08:02 PM
2024-09-15T09:39:03.491Z [INFO]: Task Updated Reminder Email executed successfully at 9/15/2024, 3:09:03 PM
2024-09-15T09:40:02.811Z [INFO]: Task Updated Reminder Email executed successfully at 9/15/2024, 3:10:02 PM
2024-09-15T09:40:29.103Z [INFO]: All active tasks initialized successfully.
2024-09-15T09:55:29.640Z [INFO]: All active tasks initialized successfully.
2024-09-15T09:56:31.613Z [INFO]: All active tasks initialized successfully.
2024-09-15T09:56:42.333Z [INFO]: All active tasks initialized successfully.
2024-09-15T10:34:02.346Z [INFO]: All active tasks initialized successfully.
2024-09-15T10:34:38.203Z [INFO]: All active tasks initialized successfully.
2024-09-15T10:34:55.194Z [INFO]: All active tasks initialized successfully.
2024-09-15T10:38:39.608Z [INFO]: All active tasks initialized successfully.
2024-09-15T11:13:04.841Z [INFO]: All active tasks initialized successfully.
2024-09-15T11:14:03.573Z [INFO]: Task Ganesh executed successfully at 9/15/2024, 4:44:03 PM
2024-09-15T11:14:04.754Z [INFO]: Task Ganesh executed successfully at 9/15/2024, 4:44:04 PM
2024-09-15T11:15:03.508Z [INFO]: Task Ganesh executed successfully at 9/15/2024, 4:45:03 PM
2024-09-15T11:15:05.064Z [INFO]: Task Ganesh executed successfully at 9/15/2024, 4:45:05 PM
2024-09-15T11:16:04.146Z [INFO]: Task Ganesh executed successfully at 9/15/2024, 4:46:04 PM
2024-09-15T11:16:04.631Z [INFO]: Task Ganesh executed successfully at 9/15/2024, 4:46:04 PM
2024-09-15T11:17:03.327Z [INFO]: Task Ganesh executed successfully at 9/15/2024, 4:47:03 PM
2024-09-15T11:17:03.495Z [INFO]: Task Ganesh executed successfully at 9/15/2024, 4:47:03 PM
2024-09-15T11:18:03.410Z [INFO]: Task Ganesh executed successfully at 9/15/2024, 4:48:03 PM
2024-09-15T11:18:03.558Z [INFO]: Task Ganesh executed successfully at 9/15/2024, 4:48:03 PM
2024-09-15T11:19:02.546Z [INFO]: Task Ganesh executed successfully at 9/15/2024, 4:49:02 PM
2024-09-15T11:19:03.635Z [INFO]: Task Ganesh executed successfully at 9/15/2024, 4:49:03 PM
2024-09-15T11:20:03.339Z [INFO]: Task Ganesh executed successfully at 9/15/2024, 4:50:03 PM
2024-09-15T11:20:03.550Z [INFO]: Task Ganesh executed successfully at 9/15/2024, 4:50:03 PM
2024-09-15T11:21:53.975Z [INFO]: All active tasks initialized successfully.
2024-09-15T11:33:22.132Z [INFO]: All active tasks initialized successfully.
2024-09-15T11:36:53.540Z [INFO]: All active tasks initialized successfully.
2024-09-15T11:38:11.184Z [INFO]: All active tasks initialized successfully.
2024-09-15T11:39:03.207Z [INFO]: All active tasks initialized successfully.
2024-09-15T11:44:03.018Z [INFO]: Task Demo executed successfully at 9/15/2024, 5:14:02 PM
2024-09-15T11:45:03.141Z [INFO]: Task Demo executed successfully at 9/15/2024, 5:15:03 PM
2024-09-15T11:46:02.917Z [INFO]: Task Demo executed successfully at 9/15/2024, 5:16:02 PM
2024-09-15T11:46:37.577Z [INFO]: All active tasks initialized successfully.
2024-09-15T11:47:03.342Z [INFO]: Task Demo executed successfully at 9/15/2024, 5:17:03 PM
2024-09-15T11:47:15.516Z [INFO]: All active tasks initialized successfully.
2024-09-15T11:48:03.430Z [INFO]: Task Demo executed successfully at 9/15/2024, 5:18:03 PM
2024-09-15T11:49:04.160Z [INFO]: Task Demo executed successfully at 9/15/2024, 5:19:04 PM
2024-09-15T11:50:03.466Z [INFO]: Task Demo executed successfully at 9/15/2024, 5:20:03 PM
2024-09-15T11:51:04.137Z [INFO]: Task Demo executed successfully at 9/15/2024, 5:21:04 PM
2024-09-15T11:52:04.100Z [INFO]: Task Demo executed successfully at 9/15/2024, 5:22:04 PM
2024-09-15T11:53:04.511Z [INFO]: Task Demo executed successfully at 9/15/2024, 5:23:04 PM
2024-09-15T11:54:04.348Z [INFO]: Task Demo executed successfully at 9/15/2024, 5:24:04 PM
2024-09-15T11:55:03.349Z [INFO]: Task Demo executed successfully at 9/15/2024, 5:25:03 PM
2024-09-15T11:55:03.445Z [INFO]: Task Ganesh executed successfully at 9/15/2024, 5:25:03 PM
2024-09-15T11:56:02.675Z [INFO]: Task Demo executed successfully at 9/15/2024, 5:26:02 PM
2024-09-15T11:56:03.994Z [INFO]: Task Ganesh executed successfully at 9/15/2024, 5:26:03 PM
2024-09-15T11:57:03.444Z [INFO]: Task Demo executed successfully at 9/15/2024, 5:27:03 PM
2024-09-15T11:57:03.572Z [INFO]: Task Ganesh executed successfully at 9/15/2024, 5:27:03 PM
2024-09-15T11:58:03.418Z [INFO]: Task Ganesh executed successfully at 9/15/2024, 5:28:03 PM
2024-09-15T11:58:03.594Z [INFO]: Task Demo executed successfully at 9/15/2024, 5:28:03 PM
2024-09-15T11:59:02.839Z [INFO]: Task Ganesh executed successfully at 9/15/2024, 5:29:02 PM
2024-09-15T11:59:03.691Z [INFO]: Task Demo executed successfully at 9/15/2024, 5:29:03 PM
2024-09-15T12:00:02.763Z [INFO]: Task Demo executed successfully at 9/15/2024, 5:30:02 PM
2024-09-15T12:00:03.973Z [INFO]: Task Ganesh executed successfully at 9/15/2024, 5:30:03 PM
2024-09-15T12:01:02.937Z [INFO]: Task Demo executed successfully at 9/15/2024, 5:31:02 PM
2024-09-15T12:01:03.061Z [INFO]: Task Ganesh executed successfully at 9/15/2024, 5:31:03 PM
2024-09-15T12:02:48.965Z [INFO]: All active tasks initialized successfully.
2024-09-15T14:02:57.888Z [INFO]: All active tasks initialized successfully.
2024-09-15T14:03:04.434Z [INFO]: Task demo executed successfully at 9/15/2024, 7:33:04 PM
2024-09-15T14:03:04.587Z [INFO]: Task demo executed successfully at 9/15/2024, 7:33:04 PM
2024-09-15T14:04:03.894Z [INFO]: Task demo executed successfully at 9/15/2024, 7:34:03 PM
2024-09-15T14:04:04.123Z [INFO]: Task demo executed successfully at 9/15/2024, 7:34:04 PM
2024-09-15T14:05:03.319Z [INFO]: Task demo executed successfully at 9/15/2024, 7:35:03 PM
2024-09-15T14:05:05.371Z [INFO]: Task demo executed successfully at 9/15/2024, 7:35:05 PM
2024-09-15T14:06:03.785Z [INFO]: Task demo executed successfully at 9/15/2024, 7:36:03 PM
2024-09-15T14:06:03.818Z [INFO]: Task demo executed successfully at 9/15/2024, 7:36:03 PM
2024-09-15T14:07:02.904Z [INFO]: Task demo executed successfully at 9/15/2024, 7:37:02 PM
2024-09-15T14:07:03.038Z [INFO]: Task demo executed successfully at 9/15/2024, 7:37:03 PM
2024-09-15T14:08:03.171Z [INFO]: Task demo executed successfully at 9/15/2024, 7:38:03 PM
2024-09-15T14:08:04.521Z [INFO]: Task demo executed successfully at 9/15/2024, 7:38:04 PM
2024-09-15T14:08:20.940Z [INFO]: All active tasks initialized successfully.
2024-09-15T14:32:16.865Z [INFO]: All active tasks initialized successfully.
2024-10-12T14:57:22.372Z [INFO]: All active tasks initialized successfully.
2024-10-12T14:59:42.744Z [INFO]: All active tasks initialized successfully.
2024-10-12T15:10:56.252Z [INFO]: All active tasks initialized successfully.
2024-10-12T15:11:34.949Z [INFO]: All active tasks initialized successfully.
2024-10-12T15:15:46.404Z [INFO]: All active tasks initialized successfully.
2024-10-12T15:16:35.380Z [INFO]: All active tasks initialized successfully.
2024-10-12T15:23:25.023Z [INFO]: All active tasks initialized successfully.
2024-10-12T17:36:41.324Z [INFO]: All active tasks initialized successfully.
2024-10-12T17:57:09.796Z [INFO]: All active tasks initialized successfully.
2024-10-12T17:57:29.693Z [INFO]: All active tasks initialized successfully.
2024-10-12T18:00:17.878Z [INFO]: All active tasks initialized successfully.
2024-10-12T18:00:21.215Z [INFO]: All active tasks initialized successfully.
2024-10-12T18:00:27.810Z [INFO]: All active tasks initialized successfully.
2024-10-12T18:01:54.449Z [INFO]: All active tasks initialized successfully.
2024-10-12T18:02:24.762Z [INFO]: Logger initialized successfully.
2024-10-12T18:02:25.705Z [INFO]: All active tasks initialized successfully.
2024-10-12T18:04:45.137Z [INFO]: Logger initialized successfully.
2024-10-12T18:04:49.384Z [INFO]: All active tasks initialized successfully.
2024-10-12T18:10:12.267Z [INFO]: Logger initialized successfully.
2024-10-12T18:10:16.098Z [INFO]: All active tasks initialized successfully.
2024-10-12T18:15:21.619Z [INFO]: Logger initialized successfully.
2024-10-12T18:15:25.710Z [INFO]: Logger initialized successfully.
2024-10-12T18:15:34.876Z [INFO]: Logger initialized successfully.
2024-10-12T18:15:35.933Z [INFO]: All active tasks initialized successfully.
2024-10-12T18:15:43.013Z [INFO]: Logger initialized successfully.
2024-10-12T18:15:45.476Z [INFO]: All active tasks initialized successfully.
2024-10-12T18:15:49.462Z [INFO]: Logger initialized successfully.
2024-10-12T18:15:52.784Z [INFO]: All active tasks initialized successfully.
2024-10-12T18:15:54.379Z [INFO]: Logger initialized successfully.
2024-10-12T18:15:55.526Z [INFO]: All active tasks initialized successfully.
2024-10-12T18:16:00.709Z [INFO]: Logger initialized successfully.
2024-10-12T18:16:02.128Z [INFO]: All active tasks initialized successfully.
2024-10-12T18:16:07.970Z [INFO]: Logger initialized successfully.
2024-10-12T18:16:11.361Z [INFO]: Logger initialized successfully.
2024-10-12T18:16:13.737Z [INFO]: All active tasks initialized successfully.
2024-10-12T18:16:39.502Z [INFO]: Logger initialized successfully.
2024-10-12T18:16:41.934Z [INFO]: Logger initialized successfully.
2024-10-12T18:16:45.650Z [INFO]: Logger initialized successfully.
2024-10-12T18:16:46.691Z [INFO]: All active tasks initialized successfully.
2024-10-12T18:16:48.456Z [INFO]: Logger initialized successfully.
2024-10-12T18:16:49.776Z [INFO]: All active tasks initialized successfully.
2024-10-12T18:16:56.030Z [INFO]: Logger initialized successfully.
2024-10-12T18:16:59.169Z [INFO]: Logger initialized successfully.
2024-10-12T18:17:01.051Z [INFO]: All active tasks initialized successfully.
2024-10-12T18:17:03.026Z [INFO]: Logger initialized successfully.
2024-10-12T18:17:04.397Z [INFO]: All active tasks initialized successfully.
2024-10-12T18:17:08.724Z [INFO]: Logger initialized successfully.
2024-10-12T18:17:11.966Z [INFO]: All active tasks initialized successfully.
2024-10-12T18:17:17.790Z [INFO]: Logger initialized successfully.
2024-10-12T18:17:20.292Z [INFO]: All active tasks initialized successfully.
2024-10-12T18:17:22.576Z [INFO]: Logger initialized successfully.
2024-10-12T18:17:24.455Z [INFO]: All active tasks initialized successfully.
2024-10-12T18:17:26.383Z [INFO]: Logger initialized successfully.
2024-10-12T18:17:29.618Z [INFO]: Logger initialized successfully.
2024-10-12T18:17:32.455Z [INFO]: All active tasks initialized successfully.
2024-10-12T18:17:34.057Z [INFO]: Logger initialized successfully.
2024-10-12T18:17:35.831Z [INFO]: All active tasks initialized successfully.
2024-10-12T18:17:38.410Z [INFO]: Logger initialized successfully.
2024-10-12T18:17:42.158Z [INFO]: All active tasks initialized successfully.
2024-10-12T18:17:53.418Z [INFO]: Logger initialized successfully.
2024-10-12T18:17:56.510Z [INFO]: Logger initialized successfully.
2024-10-12T18:17:57.513Z [INFO]: All active tasks initialized successfully.
2024-10-12T18:17:59.761Z [INFO]: Logger initialized successfully.
2024-10-12T18:18:02.845Z [INFO]: Logger initialized successfully.
2024-10-12T18:18:05.649Z [INFO]: Logger initialized successfully.
2024-10-12T18:18:06.687Z [INFO]: All active tasks initialized successfully.
2024-10-12T18:18:08.843Z [INFO]: Logger initialized successfully.
2024-10-12T18:18:11.902Z [INFO]: Logger initialized successfully.
2024-10-12T18:18:16.901Z [INFO]: Logger initialized successfully.
2024-10-12T18:18:19.371Z [INFO]: Logger initialized successfully.
2024-10-12T18:18:23.420Z [INFO]: Logger initialized successfully.
2024-10-12T18:18:24.722Z [INFO]: All active tasks initialized successfully.
2024-10-12T18:18:28.356Z [INFO]: Logger initialized successfully.
2024-10-12T18:18:30.417Z [INFO]: All active tasks initialized successfully.
2024-10-12T18:18:33.888Z [INFO]: Logger initialized successfully.
2024-10-12T18:18:36.040Z [INFO]: All active tasks initialized successfully.
2024-10-12T18:18:37.698Z [INFO]: Logger initialized successfully.
2024-10-12T18:18:39.433Z [INFO]: All active tasks initialized successfully.
2024-10-12T18:18:44.275Z [INFO]: Logger initialized successfully.
2024-10-12T18:18:48.265Z [INFO]: All active tasks initialized successfully.
2024-10-12T18:18:49.706Z [INFO]: Logger initialized successfully.
2024-10-12T18:18:51.737Z [INFO]: All active tasks initialized successfully.
2024-10-12T18:18:53.325Z [INFO]: Logger initialized successfully.
2024-10-12T18:18:54.464Z [INFO]: All active tasks initialized successfully.
2024-10-12T18:19:06.621Z [INFO]: Logger initialized successfully.
2024-10-12T18:19:08.807Z [INFO]: All active tasks initialized successfully.
2024-10-12T18:19:10.671Z [INFO]: Logger initialized successfully.
2024-10-12T18:19:14.057Z [INFO]: Logger initialized successfully.
2024-10-12T18:19:16.551Z [INFO]: All active tasks initialized successfully.
2024-10-12T18:19:19.285Z [INFO]: Logger initialized successfully.
2024-10-12T18:19:20.287Z [INFO]: All active tasks initialized successfully.
2024-10-12T18:19:23.931Z [INFO]: Logger initialized successfully.
2024-10-12T18:19:26.410Z [INFO]: All active tasks initialized successfully.
2024-10-12T18:19:28.503Z [INFO]: Logger initialized successfully.
2024-10-12T18:19:31.678Z [INFO]: All active tasks initialized successfully.
2024-10-12T18:19:33.326Z [INFO]: Logger initialized successfully.
2024-10-12T18:19:34.739Z [INFO]: All active tasks initialized successfully.
2024-10-12T18:19:38.597Z [INFO]: Logger initialized successfully.
2024-10-12T18:19:40.486Z [INFO]: All active tasks initialized successfully.
2024-10-12T18:19:42.209Z [INFO]: Logger initialized successfully.
2024-10-12T18:19:43.380Z [INFO]: All active tasks initialized successfully.
2024-10-12T18:19:59.788Z [INFO]: Logger initialized successfully.
2024-10-12T18:20:01.626Z [INFO]: All active tasks initialized successfully.
2024-10-12T18:20:11.318Z [INFO]: Logger initialized successfully.
2024-10-12T18:20:14.290Z [INFO]: Logger initialized successfully.
2024-10-12T18:20:17.733Z [INFO]: Logger initialized successfully.
2024-10-12T18:20:19.176Z [INFO]: All active tasks initialized successfully.
2024-10-12T18:20:20.739Z [INFO]: Logger initialized successfully.
2024-10-12T18:20:23.586Z [INFO]: All active tasks initialized successfully.
2024-10-12T18:20:25.071Z [INFO]: Logger initialized successfully.
2024-10-12T18:20:26.144Z [INFO]: All active tasks initialized successfully.
2024-10-12T18:20:30.038Z [INFO]: Logger initialized successfully.
2024-10-12T18:20:33.652Z [INFO]: Logger initialized successfully.
2024-10-12T18:20:35.092Z [INFO]: All active tasks initialized successfully.
2024-10-12T18:20:36.645Z [INFO]: Logger initialized successfully.
2024-10-12T18:20:37.712Z [INFO]: All active tasks initialized successfully.
2024-10-12T18:20:39.717Z [INFO]: Logger initialized successfully.
2024-10-12T18:20:43.528Z [INFO]: Logger initialized successfully.
2024-10-12T18:20:46.865Z [INFO]: Logger initialized successfully.
2024-10-12T18:20:48.863Z [INFO]: All active tasks initialized successfully.
2024-10-12T18:21:29.340Z [INFO]: Logger initialized successfully.
2024-10-12T18:21:30.620Z [INFO]: All active tasks initialized successfully.
2024-10-12T18:24:31.062Z [INFO]: Logger initialized successfully.
2024-10-12T18:24:32.209Z [INFO]: All active tasks initialized successfully.
2024-10-12T18:25:23.297Z [INFO]: Logger initialized successfully.
2024-10-12T18:25:25.501Z [INFO]: All active tasks initialized successfully.
2024-10-12T18:25:30.919Z [INFO]: Logger initialized successfully.
2024-10-12T18:25:34.780Z [INFO]: Logger initialized successfully.
2024-10-12T18:25:36.220Z [INFO]: All active tasks initialized successfully.
2024-10-13T03:22:18.539Z [INFO]: Logger initialized successfully.
2024-10-13T03:22:19.867Z [INFO]: All active tasks initialized successfully.
2024-10-13T03:34:14.259Z [INFO]: Logger initialized successfully.
2024-10-13T03:34:15.668Z [INFO]: All active tasks initialized successfully.
2024-10-13T03:34:59.515Z [INFO]: Logger initialized successfully.
2024-10-13T03:35:01.064Z [INFO]: All active tasks initialized successfully.
2024-10-13T03:35:42.219Z [INFO]: Logger initialized successfully.
2024-10-13T03:35:43.642Z [ERROR]: Error scheduling task gym: Invalid cron schedule pattern: *1 *1 *1 *1 *1
2024-10-13T03:35:43.644Z [INFO]: All active tasks initialized successfully.
2024-10-13T03:36:19.068Z [INFO]: Logger initialized successfully.
2024-10-13T03:36:20.485Z [ERROR]: Error scheduling task gym: Invalid cron schedule pattern: *1 *1 *1 *1 *1
2024-10-13T03:36:20.487Z [INFO]: All active tasks initialized successfully.
2024-10-13T03:36:50.941Z [INFO]: Logger initialized successfully.
2024-10-13T03:36:52.441Z [ERROR]: Error scheduling task gym: Invalid cron schedule pattern: *1 *1 *1 *1 *1
2024-10-13T03:36:52.443Z [INFO]: All active tasks initialized successfully.
2024-10-13T03:46:23.296Z [INFO]: Logger initialized successfully.
2024-10-13T03:46:26.413Z [ERROR]: Error scheduling task gym: Invalid cron schedule pattern: *1 *1 *1 *1 *1
2024-10-13T03:46:26.415Z [INFO]: All active tasks initialized successfully.
2024-10-13T03:48:15.198Z [ERROR]: Error scheduling task Body Building: Invalid cron schedule pattern: 180 min. 3 hr 15 8 Monday
2024-10-13T03:52:15.721Z [INFO]: Logger initialized successfully.
2024-10-13T03:52:18.427Z [ERROR]: Error scheduling task gym: Invalid cron schedule pattern: *1 *1 *1 *1 *1
2024-10-13T03:52:18.430Z [ERROR]: Error scheduling task Body Building: Invalid cron schedule pattern: 180 min. 3 hr 15 8 Monday
2024-10-13T03:52:18.433Z [INFO]: All active tasks initialized successfully.
2024-10-13T03:53:22.344Z [INFO]: Logger initialized successfully.
2024-10-13T03:53:26.170Z [ERROR]: Error scheduling task gym: Invalid cron schedule pattern: *1 *1 *1 *1 *1
2024-10-13T03:53:26.176Z [ERROR]: Error scheduling task Body Building: Invalid cron schedule pattern: 180 min. 3 hr 15 8 Monday
2024-10-13T03:53:26.179Z [INFO]: All active tasks initialized successfully.
2024-10-13T04:20:32.835Z [INFO]: Task study scheduled with cron pattern: 2hr 10 2 12 1
2024-10-13T06:05:05.845Z [INFO]: Logger initialized successfully.
2024-10-13T06:05:07.409Z [ERROR]: Error scheduling task gym: Invalid cron schedule pattern: *1 *1 *1 *1 *1
2024-10-13T06:05:07.414Z [ERROR]: Error scheduling task Body Building: Invalid cron schedule pattern: 180 min. 3 hr 15 8 Monday
2024-10-13T06:05:07.420Z [INFO]: Task study scheduled with cron pattern: 2hr 10 2 12 1
2024-10-13T06:05:07.422Z [INFO]: All active tasks initialized successfully.
2024-10-13T06:09:56.355Z [INFO]: Logger initialized successfully.
2024-10-13T06:09:57.662Z [ERROR]: Error scheduling task gym: Invalid cron schedule pattern: *1 *1 *1 *1 *1
2024-10-13T06:09:57.665Z [ERROR]: Error scheduling task Body Building: Invalid cron schedule pattern: 180 min. 3 hr 15 8 Monday
2024-10-13T06:09:57.669Z [INFO]: Task study scheduled with cron pattern: 2hr 10 2 12 1
2024-10-13T06:09:57.670Z [INFO]: All active tasks initialized successfully.
